<?xml version="1.0" encoding="UTF-8"?>

<mule xmlns:http="http://www.mulesoft.org/schema/mule/http" xmlns="http://www.mulesoft.org/schema/mule/core" xmlns:doc="http://www.mulesoft.org/schema/mule/documentation" xmlns:spring="http://www.springframework.org/schema/beans" version="EE-3.5.0" xmlns:xsi="http://www.w3.org/2001/XMLSchema-instance" xsi:schemaLocation="http://www.springframework.org/schema/beans http://www.springframework.org/schema/beans/spring-beans-current.xsd
http://www.mulesoft.org/schema/mule/core http://www.mulesoft.org/schema/mule/core/current/mule.xsd
http://www.mulesoft.org/schema/mule/http http://www.mulesoft.org/schema/mule/http/current/mule-http.xsd">
    <flow name="test-git-integrationFlow1" doc:name="test-git-integrationFlow1">
        <http:inbound-endpoint exchange-pattern="request-response" host="localhost" port="8085" doc:name="HTTP"/>
        <logger level="INFO" doc:name="Logger"/>
    </flow>
    <flow name="test-git-integrationFlow2" doc:name="test-git-integrationFlow2">
        <http:inbound-endpoint exchange-pattern="request-response" host="localhost" port="8086" doc:name="HTTP"/>
        <logger level="INFO" doc:name="Logger"/>
    </flow>
</mule>
